# JRE version: OpenJDK Runtime Environment (8.0_212-b04) (build 1.8.0_212-release-1586-b04)
# Java VM: OpenJDK 64-Bit Server VM (25.212-b04 mixed mode windows-amd64 compressed oops)
Heap:
 PSYoungGen      total 56320K, used 50113K [0x00000000e0000000, 0x00000000e6e80000, 0x0000000100000000)
  eden space 49152K, 87% used [0x00000000e0000000,0x00000000e2a2e120,0x00000000e3000000)
  from space 7168K, 96% used [0x00000000e6780000,0x00000000e6e42410,0x00000000e6e80000)
  to   space 7680K, 0% used [0x00000000e5f80000,0x00000000e5f80000,0x00000000e6700000)
 ParOldGen       total 130048K, used 24K [0x00000000a0000000, 0x00000000a7f00000, 0x00000000e0000000)
  object space 130048K, 0% used [0x00000000a0000000,0x00000000a0006000,0x00000000a7f00000)
 Metaspace       used 15440K, capacity 15886K, committed 16256K, reserved 1062912K
  class space    used 2181K, capacity 2339K, committed 2432K, reserved 1048576K
GC Heap History (4 events):
Event: 0.689 GC heap before
{Heap before GC invocations=1 (full 0):
 PSYoungGen      total 56832K, used 49152K [0x00000000e0000000, 0x00000000e3f00000, 0x0000000100000000)
  eden space 49152K, 100% used [0x00000000e0000000,0x00000000e3000000,0x00000000e3000000)
  from space 7680K, 0% used [0x00000000e3780000,0x00000000e3780000,0x00000000e3f00000)
  to   space 7680K, 0% used [0x00000000e3000000,0x00000000e3000000,0x00000000e3780000)
 ParOldGen       total 130048K, used 0K [0x00000000a0000000, 0x00000000a7f00000, 0x00000000e0000000)
  object space 130048K, 0% used [0x00000000a0000000,0x00000000a0000000,0x00000000a7f00000)
 Metaspace       used 6745K, capacity 6896K, committed 7040K, reserved 1056768K
  class space    used 819K, capacity 876K, committed 896K, reserved 1048576K
Event: 0.697 GC heap after
Heap after GC invocations=1 (full 0):
 PSYoungGen      total 56832K, used 4600K [0x00000000e0000000, 0x00000000e6f00000, 0x0000000100000000)
  eden space 49152K, 0% used [0x00000000e0000000,0x00000000e0000000,0x00000000e3000000)
  from space 7680K, 59% used [0x00000000e3000000,0x00000000e347e2c8,0x00000000e3780000)
  to   space 7680K, 0% used [0x00000000e6780000,0x00000000e6780000,0x00000000e6f00000)
 ParOldGen       total 130048K, used 8K [0x00000000a0000000, 0x00000000a7f00000, 0x00000000e0000000)
  object space 130048K, 0% used [0x00000000a0000000,0x00000000a0002000,0x00000000a7f00000)
 Metaspace       used 6745K, capacity 6896K, committed 7040K, reserved 1056768K
  class space    used 819K, capacity 876K, committed 896K, reserved 1048576K
}
Event: 1.708 GC heap before
{Heap before GC invocations=2 (full 0):
 PSYoungGen      total 56832K, used 53752K [0x00000000e0000000, 0x00000000e6f00000, 0x0000000100000000)
  eden space 49152K, 100% used [0x00000000e0000000,0x00000000e3000000,0x00000000e3000000)
  from space 7680K, 59% used [0x00000000e3000000,0x00000000e347e2c8,0x00000000e3780000)
  to   space 7680K, 0% used [0x00000000e6780000,0x00000000e6780000,0x00000000e6f00000)
 ParOldGen       total 130048K, used 8K [0x00000000a0000000, 0x00000000a7f00000, 0x00000000e0000000)
  object space 130048K, 0% used [0x00000000a0000000,0x00000000a0002000,0x00000000a7f00000)
 Metaspace       used 12230K, capacity 12666K, committed 12800K, reserved 1060864K
  class space    used 1637K, capacity 1771K, committed 1792K, reserved 1048576K
Event: 1.716 GC heap after
Heap after GC invocations=2 (full 0):
 PSYoungGen      total 56320K, used 6921K [0x00000000e0000000, 0x00000000e6e80000, 0x0000000100000000)
  eden space 49152K, 0% used [0x00000000e0000000,0x00000000e0000000,0x00000000e3000000)
  from space 7168K, 96% used [0x00000000e6780000,0x00000000e6e42410,0x00000000e6e80000)
  to   space 7680K, 0% used [0x00000000e5f80000,0x00000000e5f80000,0x00000000e6700000)
 ParOldGen       total 130048K, used 24K [0x00000000a0000000, 0x00000000a7f00000, 0x00000000e0000000)
  object space 130048K, 0% used [0x00000000a0000000,0x00000000a0006000,0x00000000a7f00000)
 Metaspace       used 12230K, capacity 12666K, committed 12800K, reserved 1060864K
  class space    used 1637K, capacity 1771K, committed 1792K, reserved 1048576K
}

